    1  sudo nano ~/.ssh/authorized_keys 
    2  exit
    3  ip a
    4  cd /etc/telegraf
    5  less telegraf.conf
    6  grep -v "^#" telegraf.conf
    7  sudo nano telegraf.conf
    8  sudo find / -type f -name telegraf.conf
    9  grep -v "^#" telegraf.conf
   10  sudo nano telegraf.conf
   11  sudo cp telegraf.conf ~/telegraf.conf
   12  ls -lha ~/
   13  ls -lha /vagrant
   14  sudo cp telegraf.conf /vagrant/telegraf.conf
   15  ls -lha /vagrant
   16  sudo rm ~/telegraf.conf
   17  ls -lha ~/
   18  sudo nano telegraf.conf
   19  ls
   20  mv telegraf.conf.orig telegraf.conf
   21  sudo mv telegraf.conf.orig telegraf.conf
   22  ls
   23  ls /vagrant/
   24  ls
   25  sudo mv telegraf.conf.orig telegraf.conf
   26  ls
   27  ls /vagrant/
   28  telegraf –debug –once
   29  telegraf -–debug –once
   30  telegraf -–debug –-once
   31  telegraf -debug -once
   32  sudo telegraf -debug -once
   33  ls -lha /tmp/metrics.out 
   34  telegraf -debug -once
   35  ls -lha /sys/kernel/debug/tracing
   36  sudo ls -lha /sys/kernel/debug/tracing
   37  sudo chown -R vagrant:vagrant  /sys/kernel/debug/tracing
   38  sudo ls -lha /sys/kernel/debug/tracing
   39  telegraf -debug -once
   40  whoami
   41  systemctl restart telegraf
   42  sudo systemctl restart telegraf
   43  sudo systemctl status telegraf
   44  sudo systemctl stop telegraf
   45  telegraf -debug -once
   46  ping infdb-srv-01
   47  sudo nano telegraf.conf
   48  telegraf -debug -once
   49  sudo telegraf -debug -once
   50  ls -lha /sys/kernel/debug/tracing
   51  ls -lha /sys/kernel
   52  sudo ls -lha /sys/kernel/debug/tracing
   53  sudo ls -lha /sys/kernel/debug
   54  sudo chown -R root:root  /sys/kernel/debug/tracing
   55  sudo telegraf -debug -once
   56  telegraf -debug -once
   57  sudo systemctl stop telegraf
   58  sudo systemctl start telegraf
   59  sudo systemctl status telegraf
   60  sudo systemctl stop telegraf
   61  sudo systemctl status telegraf
   62  sudo nano telegraf.conf
   63  telegraf -debug -once
   64  touch /temp/metrics.out
   65  sudo touch /temp/metrics.out
   66  touch /tmp/metrics.out
   67  telegraf -debug -once
   68  sudo nano telegraf.conf
   69  telegraf -debug -once
   70  ls -lha/sys/kernel/debug/tracing
   71  ls -lha /sys/kernel/debug/tracing
   72  sudo chown -R vagrant:vagrant  /sys/kernel/debug/tracing
   73  ls -lha /sys/kernel/debug/tracing
   74  sudo chown -R vagrant:vagrant  /sys/kernel/debug/tracing
   75  sudo ls -lha  /sys/kernel/debug/tracing
   76  sudo ls -lhad  /sys/kernel/debug/
   77  sudo ls -lhad  /sys/kernel/debug/tracing
   78  telegraf -debug -once
   79  sudo ls -lhad  /sys/kernel/debug/tracing
   80  sudo chmod 500 /sys/kernel/debug/tracing
   81  sudo ls -lhad  /sys/kernel/debug/tracing
   82  telegraf -debug -once
   83  sudo chmod 555 /sys/kernel/debug/tracing
   84  telegraf -debug -once
   85  sudo chmod 777 /sys/kernel/debug/tracing
   86  telegraf -debug -once
   87  sudo chmod 600 /sys/kernel/debug/tracing
   88  sudo ls -lhad  /sys/kernel/debug/tracing
   89  sudo chmod 500 /sys/kernel/debug/tracing
   90  sudo ls -lhad  /sys/kernel/debug/tracing
   91  sudo chmod 700 /sys/kernel/debug/tracing
   92  sudo ls -lhad  /sys/kernel/debug/tracing
   93  sudo chown -R vagrant:vagrant  /sys/kernel/debug/tracing
   94  sudo ls -lhad  /sys/kernel/debug/tracing
   95  telegraf -debug -once
   96  sudo reboot
   97  cd /etc/telegraf
   98  telegraf -debug -once
   99  touch /tmp/metrics.out
  100  sudo touch /tmp/metrics.out
  101  telegraf -debug -once
  102  sudo chown -R vagrant:vagrant /tmp/metrics.out
  103  telegraf -debug -once
  104  sudo systemctl status telegraf
  105  sudo systemctl stop telegraf
  106  telegraf -debug -once
  107  sudo systemctl status telegraf
  108  sudo nano telegraf.conf
  109  mkdir /temp
  110  sudo mkdir /temp
  111  sudo touch /temp
  112  sudo touch /temp/metrics.out
  113  ls /
  114  ls -lha /
  115  sudo chmod -R vagrant:vagrant /temp/metrics.out
  116  sudo chown -R vagrant:vagrant /temp/metrics.out
  117  telegraf -debug -once
  118  sudo systemctl start telegraf
  119  sudo systemctl status telegraf
  120  clock
  121  time
  122  show clock
  123  show time
  124  date
  125  timedatactl set-timezone GMT+2
  126  timedatectl set-timezone GMT+2
  127  sudo timedatectl set-timezone GMT+2
  128  sudo timedatectl set-timezone GMT +2
  129  sudo timedatectl set-timezone ?
  130  sudo timedatectl set-timezone 
  131  sudo timedatectl set-timezone  --help
  132  sudo timedatectl list-timezones
  133  sudo timedatectl set-timezone  Europe/Athens
  134  date
  135  sudo systemctl status telegraf
  136  sudo systemctl stop telegraf
  137  sudo systemctl start telegraf
  138  sudo systemctl status telegraf
  139  sudo shutdown now
  140  sudo nano telegraf.conf
  141  cd /etc/telegraf
  142  sudo nano telegraf.conf
  143  sudo systemctl status telegraf
  144  sudo systemctl restart telegraf
  145  sudo systemctl status telegraf
  146  sudo nano telegraf.conf
  147  sudo systemctl restart telegraf
  148  sudo systemctl status telegraf
  149  sudo systemctl restart telegraf
  150  journalctl -xeu telegraf.service
  151  journalctl telegraf.service
  152  journalctl
  153  systemctl restart telegraf
  154  sudo systemctl restart telegraf
  155  sudo systemctl status telegraf
  156  sudo systemctl stop telegraf
  157  sudo systemctl start telegraf
  158  sudo systemctl status telegraf
  159  sudo nano telegraf.conf
  160  sudo systemctl start telegraf
  161  sudo systemctl restart telegraf
  162  sudo nano telegraf.conf
  163  sudo systemctl restart telegraf
  164  sudo nano telegraf.conf
  165  sudo systemctl restart telegraf
  166  sudo nano telegraf.conf
  167  sudo systemctl restart telegraf
  168  telegraf -debug -once
  169  ls -lha /vagrant/
  170  sudo chmod 777 /vagrant/dns.sh 
  171  ls -lha /vagrant/
  172  telegraf -debug -once
  173  exit
  174  ls -lha /temp
  175  ls -lhad /temp
  176  sudo chown -R vagrant:vagrant /temp
  177  ls -lhad /temp
  178  telegraf -debug -once
  179  sudo systemctl restart telegraf
  180  telegraf -debug -once
  181  sudo systemctl restart telegraf
  182  telegraf -debug -once
  183  sudo nano telegraf.conf
  184  cd /etc/telegraf
  185  sudo nano telegraf.conf
  186  sudo systemctl restart telegraf
  187  telegraf -debug -once
  188  ssh control
  189  ls -lha ~/.ssh
  190  cat ~/.ssh/known_hosts 
  191  ssh control
  192  ssh control -p 
  193  ssh vagrant@control
  194  ssh-keygen --help
  195  cd ~/.ssh
  196  ssh-keygen -t rsa -b 4096 -f
  197  ssh-keygen -t rsa -b 4096 
  198  cat id_rsa.pub 
  199  ssh tlg-srv-01 
  200  nano .ssh/authorized_keys 
  201  ssh tlg-srv-01 
  202  telegraf -debug -once
  203  cd /etc/telegraf
  204  sudo nano telegraf.conf
  205  telegraf -debug -once
  206  ssh infdb-srv-01 
  207  ssh oc-srv-01 
  208  ssh tlg-srv-01 
  209  ssh grf-srv-01 
  210  ssh control 
  211  /vagrant/top.sh 
  212  sudo systemctl status telegraf
  213  sudo systemctl restart telegraf
  214  telegraf -debug -once
  215  sudo nano telegraf.conf
  216  sudo systemctl restart telegraf
  217  telegraf -debug -once
  218  sudo nano telegraf.conf
  219  telegraf -debug -once
  220  sudo nano telegraf.conf
  221  telegraf -debug -once
  222  sudo nano telegraf.conf
  223  telegraf -debug -once
  224  sudo nano telegraf.conf
  225  telegraf -debug -once
  226  sudo nano telegraf.conf
  227  telegraf -debug -once
  228  sudo systemctl restart telegraf
  229  sudo nano telegraf.conf
  230  sudo systemctl restart telegraf
  231  sudo reboot
  232  cd /etc/telegraf
  233  sudo nano telegraf.conf
  234  telegraf -debug -once
  235  sudo systemctl status telegraf
  236  ls -lha /temp
  237  ls -lhad /temp
  238  sudo chown -R vagrant:vagrant /temp
  239  sudo chmod 777 /vagrant/top-infdb-srv-01.sh 
  240  sudo chmod 777 /vagrant/top-influxdb.sh 
  241  ls -lhad /temp
  242  ls -lha /temp
  243  sudo chmod 777 /temp/metrics.out 
  244  sudo systemctl restart telegraf
  245  sudo nano telegraf.conf
  246  telegraf -debug -once
  247  sudo nano telegraf.conf
  248  telegraf -debug -once
  249  sudo nano telegraf.conf
  250  telegraf -debug -once
  251  /vagrant/top-infdb-srv-01.sh 
  252  telegraf -debug -once
  253  sudo systemctl restart telegraf
  254  telegraf -debug -once
  255  /vagrant/top-infdb-srv-01.sh 
  256  telegraf -debug -once
  257  sudo nano telegraf.conf
  258  nano /vagrant/dns.sh 
  259  /vagrant/top-infdb-srv-01.sh 
  260  sudo nano telegraf.conf
  261  sudo systemctl restart telegraf
  262  telegraf -debug -once
  263  sudo nano telegraf.conf
  264  telegraf -debug -once
  265  /vagrant/top-infdb-srv-01.sh 
  266  telegraf -debug -once
  267  sudo systemctl restart telegraf
  268  telegraf -debug -once
  269  sudo nano telegraf.conf
  270  cat telegraf.conf
  271  ls
  272  mkdir /vagrant/telegraf-files4review
  273  history > /vagrant/telegraf-files4review/history.log
