    1  sudo nano ~/.ssh/authorized_keys 
    2  exit
    3  sudo apt ansible
    4  sudo apt install ansible
    5  cd /vagrant/
    6  ls
    7  ansible docker-compose.yaml 
    8  ansible-playbook docker-compose.yaml 
    9  ansible-playbook docker-srv.yaml 
   10  ls
   11  ansible-playbook docker-srv.yaml 
   12  sudo nano docker-compose.yaml 
   13  sudo nano docker-srv.yaml 
   14  ansible-playbook docker-srv.yaml 
   15  sudo nano docker-srv.yaml 
   16  ansible-playbook docker-srv.yaml 
   17  sudo nano docker-srv.yaml 
   18  ansible-playbook docker-srv.yaml 
   19  sudo nano docker-srv.yaml 
   20  ansible-playbook docker-srv.yaml 
   21  sudo nano docker-srv.yaml 
   22  ansible-playbook docker-srv.yaml 
   23  sudo nano docker-srv.yaml 
   24  ansible-playbook docker-srv.yaml 
   25  pwd
   26  ls
   27  sudo nano docker-srv.yaml 
   28  ansible-playbook docker-srv.yaml 
   29  exit
   30  ls
   31  docker ps
   32  sudo docker ps
   33  sudo docker list
   34  sudo docker --help
   35  sudo docker images
   36  sudo docker event
   37  sudo docker events
   38  ls
   39  docker-compose up -d
   40  sudo docker-compose up -d
   41  sudo docker ps
   42  ls
   43  cd owncloud
   44  ls
   45  ls -lha
   46  cd data
   47  ls
   48  ls -lha
   49  docker-compose logs
   50  cd ..
   51  sudp docker-compose logs
   52  sudo docker-compose logs
   53  ls -lha owncloud/data/
   54  ls -lha owncloud/
   55  sudo docker exec -it owncloud
   56  sudo docker exec -it owncloud cat /var/www/html/config/config.php
   57  docker ps -a
   58  sudo docker ps -a
   59  sudo docker exec -it owncloud/server:latest cat /var/www/html/config/config.php
   60  sudo docker exec -it owncloud/server cat /var/www/html/config/config.php
   61  sudo docker ps --name
   62  docker ps
   63  sudo docker ps
   64  sudo docker exec -it vagrant_owncloud_1 cat /var/www/html/config/config.php
   65  sudo docker exec -it vagrant_owncloud_1 cat /etc/owncloud/config/config.php
   66  sudo docker exec -it vagrant_owncloud_1 cat /etc/apache2/apache2.conf
   67  sudo docker exec -it vagrant_owncloud_1 find / -type f -name config.php
   68  sudo docker exec -it vagrant_owncloud_1 find / -type f -name config.php
   69  sudo docker exec -it vagrant_owncloud_1 cat /var/www/owncloud/config/config.php
   70  touch config.php
   71  sudo nano config.php 
   72  docker cp ./config.php 92e8020115b6://var/www/owncloud/config/config.php
   73  sudo docker cp ./config.php 92e8020115b6:/var/www/owncloud/config/config.php
   74  sudo docker exec -it vagrant_owncloud_1 cat /var/www/owncloud/config/config.php
   75  sudo docker exec -it vagrant_owncloud_1 systemctl restart apache2
   76  sudo docker exec -it vagrant_owncloud_1 service apache2 restart
   77  sudo docker ps
   78  sudo docker restart 92e8020115b6
   79  sudo docker exec -it vagrant_owncloud_1 cat /var/www/owncloud/config/config.php
   80  sudo docker exec -it vagrant_owncloud_1 cat /etc/hosts
   81  sudo docker cp etc/hosts 92e8020115b6:/etc/hosts
   82  sudo docker cp /etc/hosts 92e8020115b6:/etc/hosts
   83  docker exec -it vagrant_owncloud_1 sh
   84  sudo docker exec -it vagrant_owncloud_1 sh
   85  sudo docker restart 92e8020115b6
   86  sudo docker cp /etc/hosts 92e8020115b6:/etc/hosts
   87  sudo docker exec -it vagrant_owncloud_1 cat /etc/hosts
   88  sudo docker exec -it vagrant_owncloud_1 sh
   89  sudo docker cp ./config.php 92e8020115b6:/var/www/owncloud/config/config.php
   90  sudo nano config.php 
   91  sudo docker cp ./config.php 92e8020115b6:/var/www/owncloud/config/config.php
   92  sudo docker exec -it vagrant_owncloud_1 cat /var/www/owncloud/config/config.php
   93  ip a
   94  sudo docker exec -it vagrant_owncloud_1 sh
   95  sudo docker restart 92e8020115b6
   96  sudo docker exec -it vagrant_owncloud_1 sh
   97  sudo docker restart 92e8020115b6
   98  sudo docker exec -it vagrant_owncloud_1 sh
   99  sudo docker restart 92e8020115b6
  100  sudo docker exec -it vagrant_owncloud_1 sh
  101  curl -v http://172.18.0.2:8080/owncloud
  102  sudo docker exec -it vagrant_owncloud_1 sh
  103  curl -v http://172.18.0.2:8080/owncloud
  104  sudo docker exec -it vagrant_owncloud_1 sh
  105  curl -v http://172.18.0.2:8080/owncloud
  106  sudo usermod -aG docker vagrant
  107  sudo docker ps
  108  sudo docker shutdown 92e8020115b6
  109  sudo docker 
  110  sudo docker stop 92e8020115b6
  111  sudo docker stop 75081c1fa4ef
  112  sudo docker stop 92e8020115b6
  113  sudo docker ps
  114  sudo docker ps -a
  115  sudo docker start vagrant_grafana_1
  116  sudo docker ps -a
  117  sudo docker ps 
  118  sudo docker-compose logs
  119  sudo docker
  120  sudo docker logs
  121  sudo docker logs --help
  122  sudo docker logs --help vagrant_grafana_1
  123  sudo docker logs  vagrant_grafana_1
  124  shutdown now
  125  sudo shutdown now
  126  docker ps -a
  127  docker run --rm --name oc-eval -d -p8080:8080 owncloud/server
  128  docker logs oc-eval
  129  docker ps -a
  130  docker-compose ?
  131  docker-compose down -p
  132  ls
  133  docker-compose down
  134  docker ps
  135  docker kill 9ea54937ca2a
  136  docker ps
  137  docker run --rm --name oc-eval -d -p8080:8080 owncloud/server
  138  docker ps
  139  docker kill 9ea54937ca2a
  140  docker kill ef5a94bd5a93
  141  docker ps -a
  142  docker images
  143  sudo docker-compose up -d
  144  docker ps
  145  docker volume ls | grep files
  146  sudo docker exec -it vagrant_owncloud_1 sh
  147  sudo docker restart 92e8020115b6
  148  docker ps
  149  sudo docker restart 69a80ebfbb1a
  150  sudo docker exec -it vagrant_owncloud_1 sh
  151  docker -v
  152  docker ps
  153  docker ps kill 50ce1ae0288d
  154  docker ps ?
  155  docker kill 9ea54937ca2a
  156  docker kill -a
  157  docker kill 50ce1ae0288d
  158  docker kill 69a80ebfbb1a
  159  docker ps
  160  docker-compose up
  161  ip a
  162  sudo reboot
  163  sudo docker exec -it vagrant_owncloud_1 /bin/bash
  164  ip a
  165  docker-compose up
  166  ifconfig
  167  ip a
  168  restart
  169  sudo 
  170  docker ps
  171  docker stop
  172  docker stop 50ce1ae0288d 69a80ebfbb1a
  173  docker ps
  174  docker-compose up
  175  ls
  176  less docker-compose.yaml 
  177  ls -lha owncloud/
  178  ls -lha owncloud/data/
  179  ls -lha
  180  ls /vagrant
  181  cp /vagrant/docker-compose.yaml /home/vagrant/
  182  sudo cp /vagrant/docker-compose.yaml /home/vagrant/
  183  less docker-compose.yaml 
  184  docker-compose up
  185  w
  186  shutdown now
  187  sudo shutdown now
  188  docker ps
  189  docker restart 8350cdbdd015
  190  docker ps
  191  docker ps
  192  exit
  193  nano docker-compose.yaml 
  194  ls -lha
  195  sudo chown vagrant:vagrant docker-compose.yaml 
  196  sudo chown -R vagrant:vagrant owncloud
  197  sudo chown -R vagrant:vagrant owncloud_
  198  sudo chown -R vagrant:vagrant owncloud_data
  199  ls -lha
  200  docker-compose up
  201  ufw
  202  ufw status
  203  sudo ufw status
  204  docker ps
  205  docker stop 8350cdbdd015
  206  docker ps
  207  sudo docker exec -it vagrant_owncloud_1 /bin/bash
  208  ls
  209  ls owncloud_data/
  210  ls -lha owncloud_data/
  211  sudo docker exec -it vagrant_owncloud_1 /bin/bash
  212  docker ps
  213  docker pull owncloud/ubuntu:22.04
  214  docker-compose up 
  215  docker ps
  216  s
  217  ls
  218  cat docker-compose.yaml 
  219  nano docker-compose.yaml 
  220  ls
  221  nano docker-compose.yaml 
  222  ls
  223  cp /vagrant/docker-env.env /home/vagrant/docker-env.env
  224  nano docker-compose.yaml 
  225  ls
  226  mv docker-env.env .env
  227  ls -lha
  228  nano .env 
  229  nano docker-compose.yaml 
  230  nano .env 
  231  sudo docker exec -it owncloud_server /bin/bash
  232  docker exec -it owncloud_server /bin/bash
  233  docker ps
  234  docker cbadf15d2eb8 --help
  235  docker cbadf15d2eb8 --help run cat /var/www/owncloud/config/config.php
  236  docker cbadf15d2eb8 exec cat /var/www/owncloud/config/config.php
  237  docker exec -it cbadf15d2eb8 /bin/bash
  238  docker ps
  239  nano .env
  240  nano docker-compose.yaml 
  241  nano .env
  242  docker ps
  243  docker ps -a
  244  cat docker-compose.yaml 
  245  nano docker-compose.yaml 
  246  ip a
  247  nano docker-compose.yaml 
  248  sudo docker exec -it vagrant_owncloud_1 /bin/bash
  249  docker ps
  250  docker restart 8350cdbdd015 -v
  251  docker restart ?
  252  docker restart 
  253  docker restart -helo
  254  docker restart -help
  255  docker restart --help
  256  docker 
  257  docker start --help
  258  docker-compose --help
  259  docker-compose up --log-level DEBUG
  260  docker-compose up --help
  261  docker-compose up -vvvv
  262  docker-compose up -v
  263  docker-compose up
  264  docker ps
  265  docker-compose up
  266  docker-compose up -d
  267  docker ps
  268  docker restart 8350cdbdd015
  269  lsb_release -a
  270  curl http://localhost:8080/owncloud
  271  curl --help
  272  curl http://localhost:8080/owncloud -d
  273  curl http://localhost:8080/owncloud -v
  274  ip a
  275  docker inspect
  276  docker inspect --help
  277  docker ps
  278  docker inspect 8350cdbdd015
  279  docker stop 8350cdbdd015
  280  docker run --help
  281  docker run -p 
  282  docker run --publish-list
  283  docker run --publish list
  284  docker run --publish 
  285  docker run -p 192.168.56.10:8080:8080 vagrant_owncloud_1
  286  docker ps -a
  287  docker run -p 192.168.56.10:8080:8080 owncloud/ubuntu:22.04
  288  docker ps
  289  docker run -p 192.168.56.10:8080:8080 owncloud/ubuntu:22.04 owncloud_2204
  290  docker run -p 192.168.56.10:8080:8080 owncloud_2204 owncloud/ubuntu:22.04 
  291  docker run -p 192.168.56.10:8080:8080 owncloud/ubuntu:22.04 
  292  docker run -p 192.168.56.10:8080:8080 owncloud/ubuntu:22.04 -a
  293  docker run -p 192.168.56.10:8080:8080 owncloud/ubuntu:22.04 --help
  294  docker run --help
  295  docker run -p 192.168.56.10:8080:8080 owncloud/ubuntu:22.04
  296  docker ps
  297  docker-compose up
  298  groups
  299  docker-compose up
  300  docker-compose rm owncloud
  301  docker ps
  302  vagrant down
  303  vagrant stop
  304  docker-compose stop
  305  docker-compose up
  306  docker ps
  307  docker ps -a
  308  docker stop 79f474067e5b
  309  docker stop a25027868dcc
  310  docker ps -a
  311  docker stop 0a04b8aaa64f
  312  docker stop 409147e853ff
  313  docker ps -a
  314  docker
  315  docker kill 
  316  docker ps -a
  317  docker kill a25027868dcc
  318  docker rm a25027868dcc
  319  docker rm abaf2a515ecf 11c0d2dfccd4 409147e853ff 0a04b8aaa64f
  320  docker ps -a
  321  docker rm 0a04b8aaa64f
  322  docker rm 79f474067e5b
  323  docker ps -a
  324  docker stop
  325  docker-compose stop
  326  docker-compose up
  327  docker ps -a
  328  docker-compose stop
  329  docker-compose up
  330  docker-compose stop
  331  docker-compose up
  332  docker-compose stop
  333  docker-compose up
  334  docker-compose stop
  335  docker-compose rm owncloud
  336  docker-compose 
  337  ls
  338  pwd
  339  ls
  340  ls -lha
  341  ls -lha telegraf-docker.conf/
  342  sudo chown vagrant:vagrant telegraf-docker.conf/
  343  ls -lha telegraf-docker.conf/
  344  sudo chown vagrant:vagrant telegraf-docker.conf/
  345  ls -lha
  346  sudo chown -R vagrant:vagrant grafana
  347  sudo chown -R vagrant:vagrant influxdb
  348  ls -lha
  349  docker-compose stop
  350  docker-compose up
  351  ls -lha /vagrant
  352  cp /vagrant/telegraf-docker.conf ~
  353  cp /vagrant/telegraf-docker.conf ~/
  354  cp /vagrant/telegraf-docker.conf /home/vagrant/
  355  rm telegraf-docker.conf/
  356  rm telegraf-docker.conf
  357  rm -rf telegraf-docker.conf/
  358  ls -lha 
  359  cp /vagrant/telegraf-docker.conf /home/vagrant/
  360  ls -lha
  361  docker-compose up
  362  nano .env
  363  docker ps
  364  sudo docker exec -it vagrant_owncloud_1 /bin/bash
  365  nano telegraf-docker.conf 
  366  exit
  367  ls
  368  ocker inspect -f '{{ .Name }}' owncloud_server
  369  docker inspect -f '{{ .Name }}' owncloud_server
  370  docker inspect -f '{{range .NetworkSettings.Networks}}{{.IPAddress}}{{end}}' owncloud_server
  371  ssh-keyscan -H 172.18.0.6
  372  ssh-keyscan 
  373  ssh-keyscan host 172.18.0.6
  374  ssh-keyscan host owncloud_server
  375  ssh-keyscan sddrlidt
  376  ssh-keyscan addrlidt
  377  ssh-keyscam 172.18.0.6
  378  ssh-keyscan 172.18.0.6
  379  ssh-keyscan -t host 172.18.0.6
  380  ssh-keyscan -t 
  381  ssh-keyscan 172.18.0.6
  382  docker inspect -f '{{range .NetworkSettings.Networks}}{{.IPAddress}}{{end}}' grafana
  383  docker ps -a
  384  docker inspect -f '{{ .Name }}' grafana
  385  docker inspect -f '{{ .Name }}' grafana-server
  386  docker inspect -f '{{range .NetworkSettings.Networks}}{{.IPAddress}}{{end}}' grafana-server
  387  ssh-keyscan 172.18.0.3
  388  ssh-keyscan -H 172.18.0.3
  389  docker exec -it grafana /bin/bash
  390  docker exec -it grafana-server /bin/bash
  391  sudo docker exec -it grafana-server /bin/bash
  392  sudo docker exec -it grafana-server sh
  393  sudo docker exec -it grafana-server /bin/bash
  394  ls
  395  cd owncloud
  396  ls
  397  cd ..
  398  ls owncloud-
  399  ls -l
  400  ls -l owncloud-data
  401  cd owncloud-data
  402  mkdir oc-cont-01
  403  nano oc-cont-01/Dockerfile
  404  ls
  405  nano docker-compose.yaml
  406  cat docker-compose.yaml
  407  ls /usr/bin/healthcheck
  408* 
  409  sudo docker exec -it grafana-server /bin/bash
  410  sudo docker exec -it owncloud_server /bin/bash
  411  ls
  412  mkdir /vagrant/control-files4review
  413  copy * /vagrant/control-files4review/
  414  cp * /vagrant/control-files4review/
  415  cp -r * /vagrant/control-files4review/
  416  ls /vagrant/control-files4review/
  417  docker
  418  docker ps
  419  history > /vagrant/control-files4review/history.log
